<?xml version="1.0" encoding="UTF-8"?>
<!-- Generated by org.testng.reporters.JUnitReportReporter -->
<testsuite skipped="0" hostname="DESKTOP-2S9LPQL" name="com.lighthouse.MavenTest.MotorsTest" tests="1" failures="0" timestamp="14 Jun 2017 08:32:08 GMT" time="8.287" errors="0">
  <testcase name="verifyMotorsTest" time="8.287" classname="com.lighthouse.MavenTest.MotorsTest"/>
</testsuite> <!-- com.lighthouse.MavenTest.MotorsTest -->
