<?xml version="1.0" encoding="UTF-8"?>
<!-- Generated by org.testng.reporters.JUnitReportReporter -->
<testsuite skipped="0" hostname="DESKTOP-2S9LPQL" name="com.lighthouse.MavenTest.ReadWriteExcel" tests="2" failures="0" timestamp="03 Jun 2017 04:02:02 GMT" time="1.201" errors="0">
  <testcase name="writeToExcel" time="0.001" classname="com.lighthouse.MavenTest.ReadWriteExcel"/>
  <testcase name="readFromExcel" time="1.200" classname="com.lighthouse.MavenTest.ReadWriteExcel"/>
</testsuite> <!-- com.lighthouse.MavenTest.ReadWriteExcel -->
