<?xml version="1.0" encoding="UTF-8"?>
<!-- Generated by org.testng.reporters.JUnitReportReporter -->
<testsuite skipped="0" hostname="DESKTOP-2S9LPQL" name="com.lighthouse.MavenTest.HomePageTest" tests="1" failures="0" timestamp="14 Jun 2017 08:32:08 GMT" time="0.201" errors="0">
  <testcase name="verifyHomeTest" time="0.201" classname="com.lighthouse.MavenTest.HomePageTest"/>
</testsuite> <!-- com.lighthouse.MavenTest.HomePageTest -->
