<?xml version="1.0" encoding="UTF-8"?>
<!-- Generated by org.testng.reporters.JUnitReportReporter -->
<testsuite skipped="0" hostname="DESKTOP-2S9LPQL" name="com.lighthouse.MavenTest.CarsTest" tests="1" failures="0" timestamp="14 Jun 2017 07:49:18 GMT" time="6.096" errors="0">
  <testcase name="verifyCarsTest" time="6.096" classname="com.lighthouse.MavenTest.CarsTest"/>
</testsuite> <!-- com.lighthouse.MavenTest.CarsTest -->
