<?xml version="1.0" encoding="UTF-8"?>
<!-- Generated by org.testng.reporters.JUnitReportReporter -->
<testsuite skipped="0" hostname="DESKTOP-2S9LPQL" name="com.lighthouse.MavenTest.LogOutTest" tests="1" failures="0" timestamp="13 Jun 2017 08:20:05 GMT" time="6.323" errors="0">
  <testcase name="testSuccesfulLogOut" time="6.323" classname="com.lighthouse.MavenTest.LogOutTest"/>
</testsuite> <!-- com.lighthouse.MavenTest.LogOutTest -->
